[1] 2389
time="2025-08-05T03:35:30+02:00" level=warning msg="\"/\" is not a shared mount, this could cause issues or missing mounts with rootless containers"
time="2025-08-05T03:35:30+02:00" level=warning msg="Running 'system service' in rootless mode without cgroup v2, containers won't survive a 'system service' restart"
time="2025-08-05T03:50:47+02:00" level=error msg="failed to move the rootless netns slirp4netns process to the systemd user.slice: dial unix /run/user/1000/bus: connect: no such file or directory"
time="2025-08-05T03:51:09+02:00" level=warning msg="StopSignal SIGTERM failed to stop container tunnel-api-3YaqmGkDvfnuTyPZ627yREYvaEM6Euj2Qcr51KLsw4Cv in 10 seconds, resorting to SIGKILL"
time="2025-08-05T03:52:23+02:00" level=error msg="failed to move the rootless netns slirp4netns process to the systemd user.slice: dial unix /run/user/1000/bus: connect: no such file or directory"
time="2025-08-05T03:52:44+02:00" level=warning msg="StopSignal SIGTERM failed to stop container tunnel-api-3YaqmGkDvfnuTyPZ627yREYvaEM6Euj2Qcr51KLsw4Cv in 10 seconds, resorting to SIGKILL"
time="2025-08-05T03:54:17+02:00" level=error msg="failed to move the rootless netns slirp4netns process to the systemd user.slice: dial unix /run/user/1000/bus: connect: no such file or directory"
time="2025-08-05T03:56:56+02:00" level=warning msg="StopSignal SIGTERM failed to stop container tunnel-api-3YaqmGkDvfnuTyPZ627yREYvaEM6Euj2Qcr51KLsw4Cv in 10 seconds, resorting to SIGKILL"
time="2025-08-05T03:57:14+02:00" level=error msg="failed to move the rootless netns slirp4netns process to the systemd user.slice: dial unix /run/user/1000/bus: connect: no such file or directory"
time="2025-08-05T03:57:51+02:00" level=warning msg="StopSignal SIGTERM failed to stop container tunnel-api-3YaqmGkDvfnuTyPZ627yREYvaEM6Euj2Qcr51KLsw4Cv in 10 seconds, resorting to SIGKILL"
time="2025-08-05T03:58:04+02:00" level=error msg="failed to move the rootless netns slirp4netns process to the systemd user.slice: dial unix /run/user/1000/bus: connect: no such file or directory"
time="2025-08-05T03:59:10+02:00" level=warning msg="StopSignal SIGTERM failed to stop container tunnel-api-3YaqmGkDvfnuTyPZ627yREYvaEM6Euj2Qcr51KLsw4Cv in 10 seconds, resorting to SIGKILL"
time="2025-08-05T03:59:20+02:00" level=error msg="failed to move the rootless netns slirp4netns process to the systemd user.slice: dial unix /run/user/1000/bus: connect: no such file or directory"
time="2025-08-05T04:00:07+02:00" level=warning msg="StopSignal SIGTERM failed to stop container tunnel-api-3YaqmGkDvfnuTyPZ627yREYvaEM6Euj2Qcr51KLsw4Cv in 10 seconds, resorting to SIGKILL"
time="2025-08-05T04:00:21+02:00" level=error msg="failed to move the rootless netns slirp4netns process to the systemd user.slice: dial unix /run/user/1000/bus: connect: no such file or directory"
time="2025-08-05T04:01:20+02:00" level=warning msg="StopSignal SIGTERM failed to stop container tunnel-api-3YaqmGkDvfnuTyPZ627yREYvaEM6Euj2Qcr51KLsw4Cv in 10 seconds, resorting to SIGKILL"
time="2025-08-05T04:01:29+02:00" level=error msg="failed to move the rootless netns slirp4netns process to the systemd user.slice: dial unix /run/user/1000/bus: connect: no such file or directory"
time="2025-08-05T04:02:10+02:00" level=warning msg="StopSignal SIGTERM failed to stop container tunnel-api-3YaqmGkDvfnuTyPZ627yREYvaEM6Euj2Qcr51KLsw4Cv in 10 seconds, resorting to SIGKILL"
time="2025-08-05T04:02:41+02:00" level=error msg="failed to move the rootless netns slirp4netns process to the systemd user.slice: dial unix /run/user/1000/bus: connect: no such file or directory"
time="2025-08-05T04:07:11+02:00" level=warning msg="StopSignal SIGTERM failed to stop container tunnel-api-3YaqmGkDvfnuTyPZ627yREYvaEM6Euj2Qcr51KLsw4Cv in 10 seconds, resorting to SIGKILL"
time="2025-08-05T04:07:22+02:00" level=error msg="failed to move the rootless netns slirp4netns process to the systemd user.slice: dial unix /run/user/1000/bus: connect: no such file or directory"
time="2025-08-05T04:18:54+02:00" level=warning msg="StopSignal SIGTERM failed to stop container tunnel-api-3YaqmGkDvfnuTyPZ627yREYvaEM6Euj2Qcr51KLsw4Cv in 10 seconds, resorting to SIGKILL"
time="2025-08-05T04:22:12+02:00" level=error msg="failed to move the rootless netns slirp4netns process to the systemd user.slice: dial unix /run/user/1000/bus: connect: no such file or directory"
time="2025-08-05T04:24:14+02:00" level=warning msg="StopSignal SIGTERM failed to stop container tunnel-api-3YaqmGkDvfnuTyPZ627yREYvaEM6Euj2Qcr51KLsw4Cv in 10 seconds, resorting to SIGKILL"
time="2025-08-05T04:24:30+02:00" level=error msg="failed to move the rootless netns slirp4netns process to the systemd user.slice: dial unix /run/user/1000/bus: connect: no such file or directory"
Trying to pull docker.io/library/nginx:latest...
Getting image source signatures
Copying blob sha256:140da4f89dcb7e49c2985bdd85b5c1c4e800916ee22abf7ada6b0bc2a99642a2
Copying blob sha256:2ef442a3816e24347655167c51e8d4fd033bf7da8f954f2f1cfd456cf6a06a80
Copying blob sha256:4b1e45a9989f25a049b0eace36b5405e64b4c2a31de65a92abfd86dbfb2b4a78
Copying blob sha256:59e22667830bf04fb35e15ed9c70023e9d121719bb87f0db7f3159ee7c7e0b8d
Copying blob sha256:1d9f51194194364d2bbc948f82bc5161b65f277c6da4b0e47764e4fee2136e42
Copying blob sha256:96e47e70491e3d5a8a65384c656bf4db13930a353c92252338e1167dfb1aeb84
Copying blob sha256:f30ffbee4c546383f6ad349c50f8a2d2db5a83292489bbae5284b425960bcd42
Copying config sha256:2cd1d97f893f70cee86a38b7160c30e5750f3ed6ad86c598884ca9c6a563a501
Writing manifest to image destination
time="2025-08-05T04:25:26+02:00" level=error msg="While waiting on condition: \"cancelled by user\""
time="2025-08-05T04:25:40+02:00" level=error msg="While waiting on condition: \"cancelled by user\""
time="2025-08-05T04:27:07+02:00" level=warning msg="StopSignal SIGTERM failed to stop container tunnel-api-3YaqmGkDvfnuTyPZ627yREYvaEM6Euj2Qcr51KLsw4Cv in 10 seconds, resorting to SIGKILL"
time="2025-08-05T04:27:09+02:00" level=error msg="While waiting on condition: \"cancelled by user\""
time="2025-08-05T04:27:27+02:00" level=error msg="failed to move the rootless netns slirp4netns process to the systemd user.slice: dial unix /run/user/1000/bus: connect: no such file or directory"
time="2025-08-05T04:28:49+02:00" level=error msg="While waiting on condition: \"cancelled by user\""
time="2025-08-05T04:28:59+02:00" level=error msg="While waiting on condition: \"cancelled by user\""
time="2025-08-05T04:32:31+02:00" level=warning msg="StopSignal SIGTERM failed to stop container tunnel-api-3YaqmGkDvfnuTyPZ627yREYvaEM6Euj2Qcr51KLsw4Cv in 10 seconds, resorting to SIGKILL"
time="2025-08-05T04:32:33+02:00" level=error msg="While waiting on condition: \"cancelled by user\""
time="2025-08-05T04:38:18+02:00" level=error msg="failed to move the rootless netns slirp4netns process to the systemd user.slice: dial unix /run/user/1000/bus: connect: no such file or directory"
time="2025-08-05T04:38:57+02:00" level=error msg="While waiting on condition: \"cancelled by user\""
time="2025-08-05T04:39:02+02:00" level=error msg="While waiting on condition: \"cancelled by user\""
time="2025-08-05T04:40:48+02:00" level=warning msg="StopSignal SIGTERM failed to stop container tunnel-api-3YaqmGkDvfnuTyPZ627yREYvaEM6Euj2Qcr51KLsw4Cv in 10 seconds, resorting to SIGKILL"
time="2025-08-05T04:40:50+02:00" level=error msg="While waiting on condition: \"cancelled by user\""
time="2025-08-05T04:41:03+02:00" level=error msg="failed to move the rootless netns slirp4netns process to the systemd user.slice: dial unix /run/user/1000/bus: connect: no such file or directory"
time="2025-08-05T04:41:57+02:00" level=error msg="While waiting on condition: \"cancelled by user\""
time="2025-08-05T04:42:02+02:00" level=error msg="While waiting on condition: \"cancelled by user\""
time="2025-08-05T04:44:10+02:00" level=warning msg="StopSignal SIGTERM failed to stop container tunnel-api-3YaqmGkDvfnuTyPZ627yREYvaEM6Euj2Qcr51KLsw4Cv in 10 seconds, resorting to SIGKILL"
time="2025-08-05T04:44:12+02:00" level=error msg="While waiting on condition: \"cancelled by user\""
time="2025-08-05T04:44:32+02:00" level=error msg="failed to move the rootless netns slirp4netns process to the systemd user.slice: dial unix /run/user/1000/bus: connect: no such file or directory"
time="2025-08-05T04:45:08+02:00" level=error msg="While waiting on condition: \"cancelled by user\""
time="2025-08-05T04:45:12+02:00" level=error msg="While waiting on condition: \"cancelled by user\""
time="2025-08-05T04:47:20+02:00" level=warning msg="StopSignal SIGTERM failed to stop container tunnel-api-3YaqmGkDvfnuTyPZ627yREYvaEM6Euj2Qcr51KLsw4Cv in 10 seconds, resorting to SIGKILL"
time="2025-08-05T04:47:22+02:00" level=error msg="While waiting on condition: \"cancelled by user\""
time="2025-08-05T04:47:33+02:00" level=error msg="failed to move the rootless netns slirp4netns process to the systemd user.slice: dial unix /run/user/1000/bus: connect: no such file or directory"
time="2025-08-05T04:48:03+02:00" level=error msg="While waiting on condition: \"cancelled by user\""
time="2025-08-05T04:48:12+02:00" level=error msg="While waiting on condition: \"cancelled by user\""
time="2025-08-05T04:48:51+02:00" level=error msg="While waiting on condition: \"cancelled by user\""
time="2025-08-05T04:48:59+02:00" level=error msg="While waiting on condition: \"cancelled by user\""
time="2025-08-05T04:49:18+02:00" level=error msg="While waiting on condition: \"cancelled by user\""
time="2025-08-05T04:58:36+02:00" level=error msg="While waiting on condition: \"cancelled by user\""
time="2025-08-05T04:58:36+02:00" level=error msg="While waiting on condition: \"cancelled by user\""
time="2025-08-05T05:00:28+02:00" level=warning msg="StopSignal SIGTERM failed to stop container tunnel-api-3YaqmGkDvfnuTyPZ627yREYvaEM6Euj2Qcr51KLsw4Cv in 10 seconds, resorting to SIGKILL"
time="2025-08-05T05:01:19+02:00" level=error msg="failed to move the rootless netns slirp4netns process to the systemd user.slice: dial unix /run/user/1000/bus: connect: no such file or directory"
time="2025-08-05T05:02:12+02:00" level=error msg="While waiting on condition: \"cancelled by user\""
time="2025-08-05T05:02:23+02:00" level=error msg="While waiting on condition: \"cancelled by user\""
time="2025-08-05T05:02:43+02:00" level=warning msg="StopSignal SIGTERM failed to stop container tunnel-api-3YaqmGkDvfnuTyPZ627yREYvaEM6Euj2Qcr51KLsw4Cv in 10 seconds, resorting to SIGKILL"
time="2025-08-05T05:02:45+02:00" level=error msg="While waiting on condition: \"cancelled by user\""
time="2025-08-05T05:02:45+02:00" level=error msg="While waiting on condition: \"cancelled by user\""
time="2025-08-05T05:04:03+02:00" level=error msg="failed to move the rootless netns slirp4netns process to the systemd user.slice: dial unix /run/user/1000/bus: connect: no such file or directory"
time="2025-08-05T05:04:54+02:00" level=error msg="While waiting on condition: \"cancelled by user\""
time="2025-08-05T05:04:57+02:00" level=error msg="While waiting on condition: \"cancelled by user\""
time="2025-08-05T05:05:14+02:00" level=warning msg="StopSignal SIGTERM failed to stop container tunnel-api-3YaqmGkDvfnuTyPZ627yREYvaEM6Euj2Qcr51KLsw4Cv in 10 seconds, resorting to SIGKILL"
time="2025-08-05T05:05:16+02:00" level=error msg="While waiting on condition: \"cancelled by user\""
time="2025-08-05T05:05:16+02:00" level=error msg="While waiting on condition: \"cancelled by user\""
time="2025-08-05T05:23:41+02:00" level=error msg="failed to move the rootless netns slirp4netns process to the systemd user.slice: dial unix /run/user/1000/bus: connect: no such file or directory"
time="2025-08-05T05:24:21+02:00" level=error msg="While waiting on condition: \"cancelled by user\""
time="2025-08-05T05:24:25+02:00" level=error msg="While waiting on condition: \"cancelled by user\""
time="2025-08-05T05:24:30+02:00" level=error msg="While waiting on condition: \"cancelled by user\""
time="2025-08-05T05:24:36+02:00" level=error msg="While waiting on condition: \"cancelled by user\""
time="2025-08-05T05:34:43+02:00" level=error msg="While waiting on condition: \"cancelled by user\""
time="2025-08-05T05:34:43+02:00" level=error msg="While waiting on condition: \"cancelled by user\""
time="2025-08-05T05:35:00+02:00" level=warning msg="StopSignal SIGTERM failed to stop container tunnel-api-3YaqmGkDvfnuTyPZ627yREYvaEM6Euj2Qcr51KLsw4Cv in 10 seconds, resorting to SIGKILL"
time="2025-08-05T05:58:29+02:00" level=error msg="failed to move the rootless netns slirp4netns process to the systemd user.slice: dial unix /run/user/1000/bus: connect: no such file or directory"
time="2025-08-05T05:59:04+02:00" level=error msg="While waiting on condition: \"cancelled by user\""
time="2025-08-05T05:59:07+02:00" level=error msg="While waiting on condition: \"cancelled by user\""
time="2025-08-05T05:59:37+02:00" level=warning msg="StopSignal SIGTERM failed to stop container tunnel-api-3YaqmGkDvfnuTyPZ627yREYvaEM6Euj2Qcr51KLsw4Cv in 10 seconds, resorting to SIGKILL"
time="2025-08-05T05:59:39+02:00" level=error msg="While waiting on condition: \"cancelled by user\""
time="2025-08-05T05:59:39+02:00" level=error msg="While waiting on condition: \"cancelled by user\""
time="2025-08-05T06:00:41+02:00" level=error msg="failed to move the rootless netns slirp4netns process to the systemd user.slice: dial unix /run/user/1000/bus: connect: no such file or directory"
time="2025-08-05T06:01:15+02:00" level=error msg="While waiting on condition: \"cancelled by user\""
time="2025-08-05T06:01:26+02:00" level=error msg="While waiting on condition: \"cancelled by user\""
time="2025-08-05T06:01:35+02:00" level=error msg="While waiting on condition: \"cancelled by user\""
time="2025-08-05T06:01:38+02:00" level=error msg="While waiting on condition: \"cancelled by user\""
time="2025-08-05T06:01:41+02:00" level=error msg="While waiting on condition: \"cancelled by user\""
time="2025-08-05T06:03:37+02:00" level=warning msg="StopSignal SIGTERM failed to stop container tunnel-api-3YaqmGkDvfnuTyPZ627yREYvaEM6Euj2Qcr51KLsw4Cv in 10 seconds, resorting to SIGKILL"
time="2025-08-05T06:03:38+02:00" level=error msg="While waiting on condition: \"cancelled by user\""
time="2025-08-05T06:03:39+02:00" level=error msg="While waiting on condition: \"cancelled by user\""
time="2025-08-05T06:27:42+02:00" level=error msg="failed to move the rootless netns slirp4netns process to the systemd user.slice: dial unix /run/user/1000/bus: connect: no such file or directory"
time="2025-08-05T06:28:14+02:00" level=warning msg="StopSignal SIGTERM failed to stop container tunnel-api-3YaqmGkDvfnuTyPZ627yREYvaEM6Euj2Qcr51KLsw4Cv in 10 seconds, resorting to SIGKILL"
time="2025-08-05T06:28:16+02:00" level=error msg="While waiting on condition: \"cancelled by user\""
time="2025-08-05T06:28:16+02:00" level=error msg="While waiting on condition: \"cancelled by user\""
time="2025-08-05T06:28:28+02:00" level=error msg="failed to move the rootless netns slirp4netns process to the systemd user.slice: dial unix /run/user/1000/bus: connect: no such file or directory"
time="2025-08-05T06:29:06+02:00" level=error msg="While waiting on condition: \"cancelled by user\""
time="2025-08-05T06:29:09+02:00" level=error msg="While waiting on condition: \"cancelled by user\""
time="2025-08-05T06:29:15+02:00" level=error msg="While waiting on condition: \"cancelled by user\""
time="2025-08-05T06:39:32+02:00" level=error msg="While waiting on condition: \"cancelled by user\""
time="2025-08-05T06:39:32+02:00" level=error msg="While waiting on condition: \"cancelled by user\""
time="2025-08-05T06:55:04+02:00" level=warning msg="StopSignal SIGTERM failed to stop container tunnel-api-3YaqmGkDvfnuTyPZ627yREYvaEM6Euj2Qcr51KLsw4Cv in 10 seconds, resorting to SIGKILL"
time="2025-08-05T13:52:03+02:00" level=error msg="failed to move the rootless netns slirp4netns process to the systemd user.slice: dial unix /run/user/1000/bus: connect: no such file or directory"
time="2025-08-05T13:52:40+02:00" level=error msg="While waiting on condition: \"cancelled by user\""
time="2025-08-05T13:52:46+02:00" level=error msg="While waiting on condition: \"cancelled by user\""
time="2025-08-05T13:53:08+02:00" level=warning msg="StopSignal SIGTERM failed to stop container tunnel-api-3YaqmGkDvfnuTyPZ627yREYvaEM6Euj2Qcr51KLsw4Cv in 10 seconds, resorting to SIGKILL"
time="2025-08-05T13:53:10+02:00" level=error msg="While waiting on condition: \"cancelled by user\""
time="2025-08-05T13:53:10+02:00" level=error msg="While waiting on condition: \"cancelled by user\""
time="2025-08-05T13:53:53+02:00" level=error msg="failed to move the rootless netns slirp4netns process to the systemd user.slice: dial unix /run/user/1000/bus: connect: no such file or directory"
time="2025-08-05T13:54:24+02:00" level=error msg="While waiting on condition: \"cancelled by user\""
time="2025-08-05T13:54:28+02:00" level=error msg="While waiting on condition: \"cancelled by user\""
time="2025-08-05T13:54:30+02:00" level=error msg="While waiting on condition: \"cancelled by user\""
time="2025-08-05T13:54:33+02:00" level=error msg="While waiting on condition: \"cancelled by user\""
time="2025-08-05T13:56:29+02:00" level=warning msg="StopSignal SIGTERM failed to stop container tunnel-api-3YaqmGkDvfnuTyPZ627yREYvaEM6Euj2Qcr51KLsw4Cv in 10 seconds, resorting to SIGKILL"
time="2025-08-05T13:56:32+02:00" level=error msg="While waiting on condition: \"cancelled by user\""
time="2025-08-05T13:56:32+02:00" level=error msg="While waiting on condition: \"cancelled by user\""
time="2025-08-05T13:56:56+02:00" level=error msg="failed to move the rootless netns slirp4netns process to the systemd user.slice: dial unix /run/user/1000/bus: connect: no such file or directory"
time="2025-08-05T13:58:16+02:00" level=error msg="While waiting on condition: \"cancelled by user\""
time="2025-08-05T13:58:22+02:00" level=error msg="While waiting on condition: \"cancelled by user\""
time="2025-08-05T13:58:52+02:00" level=warning msg="StopSignal SIGTERM failed to stop container tunnel-api-3YaqmGkDvfnuTyPZ627yREYvaEM6Euj2Qcr51KLsw4Cv in 10 seconds, resorting to SIGKILL"
time="2025-08-05T13:58:54+02:00" level=error msg="While waiting on condition: \"cancelled by user\""
time="2025-08-05T13:58:54+02:00" level=error msg="While waiting on condition: \"cancelled by user\""
time="2025-08-05T14:02:35+02:00" level=error msg="failed to move the rootless netns slirp4netns process to the systemd user.slice: dial unix /run/user/1000/bus: connect: no such file or directory"
time="2025-08-05T14:03:12+02:00" level=error msg="While waiting on condition: \"cancelled by user\""
time="2025-08-05T14:03:16+02:00" level=error msg="While waiting on condition: \"cancelled by user\""
time="2025-08-05T14:03:29+02:00" level=warning msg="StopSignal SIGTERM failed to stop container tunnel-api-3YaqmGkDvfnuTyPZ627yREYvaEM6Euj2Qcr51KLsw4Cv in 10 seconds, resorting to SIGKILL"
time="2025-08-05T14:03:32+02:00" level=error msg="While waiting on condition: \"cancelled by user\""
time="2025-08-05T14:03:32+02:00" level=error msg="While waiting on condition: \"cancelled by user\""
time="2025-08-05T14:05:18+02:00" level=error msg="failed to move the rootless netns slirp4netns process to the systemd user.slice: dial unix /run/user/1000/bus: connect: no such file or directory"
time="2025-08-05T14:05:58+02:00" level=error msg="While waiting on condition: \"cancelled by user\""
time="2025-08-05T14:06:02+02:00" level=error msg="While waiting on condition: \"cancelled by user\""
time="2025-08-05T14:06:06+02:00" level=error msg="While waiting on condition: \"cancelled by user\""
time="2025-08-05T14:09:47+02:00" level=warning msg="StopSignal SIGTERM failed to stop container tunnel-api-3YaqmGkDvfnuTyPZ627yREYvaEM6Euj2Qcr51KLsw4Cv in 10 seconds, resorting to SIGKILL"
time="2025-08-05T14:09:49+02:00" level=error msg="While waiting on condition: \"cancelled by user\""
time="2025-08-05T14:09:49+02:00" level=error msg="While waiting on condition: \"cancelled by user\""
time="2025-08-05T14:10:17+02:00" level=error msg="failed to move the rootless netns slirp4netns process to the systemd user.slice: dial unix /run/user/1000/bus: connect: no such file or directory"
time="2025-08-05T14:11:03+02:00" level=error msg="While waiting on condition: \"cancelled by user\""
time="2025-08-05T14:11:06+02:00" level=error msg="While waiting on condition: \"cancelled by user\""
time="2025-08-05T14:11:21+02:00" level=warning msg="StopSignal SIGTERM failed to stop container tunnel-api-3YaqmGkDvfnuTyPZ627yREYvaEM6Euj2Qcr51KLsw4Cv in 10 seconds, resorting to SIGKILL"
time="2025-08-05T14:11:24+02:00" level=error msg="While waiting on condition: \"cancelled by user\""
time="2025-08-05T14:11:24+02:00" level=error msg="While waiting on condition: \"cancelled by user\""
time="2025-08-05T14:12:28+02:00" level=error msg="failed to move the rootless netns slirp4netns process to the systemd user.slice: dial unix /run/user/1000/bus: connect: no such file or directory"
time="2025-08-05T14:12:53+02:00" level=error msg="While waiting on condition: \"cancelled by user\""
time="2025-08-05T14:12:56+02:00" level=error msg="While waiting on condition: \"cancelled by user\""
time="2025-08-05T14:13:10+02:00" level=warning msg="StopSignal SIGTERM failed to stop container tunnel-api-3YaqmGkDvfnuTyPZ627yREYvaEM6Euj2Qcr51KLsw4Cv in 10 seconds, resorting to SIGKILL"
time="2025-08-05T14:13:13+02:00" level=error msg="While waiting on condition: \"cancelled by user\""
time="2025-08-05T14:13:13+02:00" level=error msg="While waiting on condition: \"cancelled by user\""
time="2025-08-05T14:14:35+02:00" level=error msg="failed to move the rootless netns slirp4netns process to the systemd user.slice: dial unix /run/user/1000/bus: connect: no such file or directory"
time="2025-08-05T14:15:00+02:00" level=error msg="While waiting on condition: \"cancelled by user\""
time="2025-08-05T14:15:03+02:00" level=error msg="While waiting on condition: \"cancelled by user\""
time="2025-08-05T14:15:09+02:00" level=error msg="While waiting on condition: \"cancelled by user\""
time="2025-08-05T14:15:15+02:00" level=error msg="While waiting on condition: \"cancelled by user\""
time="2025-08-05T14:15:29+02:00" level=error msg="While waiting on condition: \"cancelled by user\""
time="2025-08-05T14:16:16+02:00" level=error msg="While waiting on condition: \"cancelled by user\""
time="2025-08-05T14:17:55+02:00" level=warning msg="StopSignal SIGTERM failed to stop container tunnel-api-3YaqmGkDvfnuTyPZ627yREYvaEM6Euj2Qcr51KLsw4Cv in 10 seconds, resorting to SIGKILL"
time="2025-08-05T14:17:57+02:00" level=error msg="While waiting on condition: \"cancelled by user\""
time="2025-08-05T14:17:58+02:00" level=error msg="While waiting on condition: \"cancelled by user\""
time="2025-08-05T17:49:25+02:00" level=error msg="failed to move the rootless netns slirp4netns process to the systemd user.slice: dial unix /run/user/1000/bus: connect: no such file or directory"
time="2025-08-05T17:49:51+02:00" level=error msg="While waiting on condition: \"cancelled by user\""
time="2025-08-05T17:49:54+02:00" level=error msg="While waiting on condition: \"cancelled by user\""
time="2025-08-05T17:50:11+02:00" level=warning msg="StopSignal SIGTERM failed to stop container tunnel-api-3YaqmGkDvfnuTyPZ627yREYvaEM6Euj2Qcr51KLsw4Cv in 10 seconds, resorting to SIGKILL"
time="2025-08-05T17:50:13+02:00" level=error msg="While waiting on condition: \"cancelled by user\""
time="2025-08-05T17:50:13+02:00" level=error msg="While waiting on condition: \"cancelled by user\""
time="2025-08-06T14:32:34+02:00" level=error msg="failed to move the rootless netns slirp4netns process to the systemd user.slice: dial unix /run/user/1000/bus: connect: no such file or directory"
time="2025-08-06T14:33:06+02:00" level=error msg="While waiting on condition: \"cancelled by user\""
time="2025-08-06T14:33:09+02:00" level=error msg="While waiting on condition: \"cancelled by user\""
time="2025-08-06T14:33:12+02:00" level=error msg="While waiting on condition: \"cancelled by user\""
time="2025-08-06T14:33:41+02:00" level=warning msg="StopSignal SIGTERM failed to stop container tunnel-api-3YaqmGkDvfnuTyPZ627yREYvaEM6Euj2Qcr51KLsw4Cv in 10 seconds, resorting to SIGKILL"
time="2025-08-06T14:33:42+02:00" level=error msg="While waiting on condition: \"cancelled by user\""
time="2025-08-06T14:33:42+02:00" level=error msg="While waiting on condition: \"cancelled by user\""
time="2025-08-06T14:34:55+02:00" level=error msg="failed to move the rootless netns slirp4netns process to the systemd user.slice: dial unix /run/user/1000/bus: connect: no such file or directory"
time="2025-08-06T14:35:23+02:00" level=error msg="While waiting on condition: \"cancelled by user\""
time="2025-08-06T14:35:27+02:00" level=error msg="While waiting on condition: \"cancelled by user\""
time="2025-08-06T14:35:30+02:00" level=error msg="While waiting on condition: \"cancelled by user\""
time="2025-08-06T14:35:47+02:00" level=warning msg="StopSignal SIGTERM failed to stop container tunnel-api-3YaqmGkDvfnuTyPZ627yREYvaEM6Euj2Qcr51KLsw4Cv in 10 seconds, resorting to SIGKILL"
time="2025-08-06T14:35:49+02:00" level=error msg="While waiting on condition: \"cancelled by user\""
time="2025-08-06T14:35:49+02:00" level=error msg="While waiting on condition: \"cancelled by user\""
time="2025-08-06T14:37:02+02:00" level=error msg="failed to move the rootless netns slirp4netns process to the systemd user.slice: dial unix /run/user/1000/bus: connect: no such file or directory"
time="2025-08-06T14:37:35+02:00" level=error msg="While waiting on condition: \"cancelled by user\""
time="2025-08-06T14:37:39+02:00" level=error msg="While waiting on condition: \"cancelled by user\""
time="2025-08-06T14:37:43+02:00" level=error msg="While waiting on condition: \"cancelled by user\""
time="2025-08-06T14:38:12+02:00" level=warning msg="StopSignal SIGTERM failed to stop container tunnel-api-3YaqmGkDvfnuTyPZ627yREYvaEM6Euj2Qcr51KLsw4Cv in 10 seconds, resorting to SIGKILL"
time="2025-08-06T14:38:14+02:00" level=error msg="While waiting on condition: \"cancelled by user\""
time="2025-08-06T14:38:14+02:00" level=error msg="While waiting on condition: \"cancelled by user\""
time="2025-08-06T14:38:39+02:00" level=error msg="failed to move the rootless netns slirp4netns process to the systemd user.slice: dial unix /run/user/1000/bus: connect: no such file or directory"
time="2025-08-06T14:40:02+02:00" level=error msg="While waiting on condition: \"cancelled by user\""
time="2025-08-06T14:40:07+02:00" level=error msg="While waiting on condition: \"cancelled by user\""
time="2025-08-06T14:40:10+02:00" level=error msg="While waiting on condition: \"cancelled by user\""
time="2025-08-06T14:40:24+02:00" level=warning msg="StopSignal SIGTERM failed to stop container tunnel-api-3YaqmGkDvfnuTyPZ627yREYvaEM6Euj2Qcr51KLsw4Cv in 10 seconds, resorting to SIGKILL"
time="2025-08-06T14:40:26+02:00" level=error msg="While waiting on condition: \"cancelled by user\""
time="2025-08-06T14:40:26+02:00" level=error msg="While waiting on condition: \"cancelled by user\""
time="2025-08-06T14:40:45+02:00" level=error msg="failed to move the rootless netns slirp4netns process to the systemd user.slice: dial unix /run/user/1000/bus: connect: no such file or directory"
time="2025-08-06T14:41:22+02:00" level=error msg="While waiting on condition: \"cancelled by user\""
time="2025-08-06T14:41:25+02:00" level=error msg="While waiting on condition: \"cancelled by user\""
time="2025-08-06T14:41:39+02:00" level=warning msg="StopSignal SIGTERM failed to stop container tunnel-api-3YaqmGkDvfnuTyPZ627yREYvaEM6Euj2Qcr51KLsw4Cv in 10 seconds, resorting to SIGKILL"
time="2025-08-06T14:41:42+02:00" level=error msg="While waiting on condition: \"cancelled by user\""
time="2025-08-06T14:41:42+02:00" level=error msg="While waiting on condition: \"cancelled by user\""
time="2025-08-06T14:43:52+02:00" level=error msg="failed to move the rootless netns slirp4netns process to the systemd user.slice: dial unix /run/user/1000/bus: connect: no such file or directory"
time="2025-08-06T14:44:47+02:00" level=error msg="While waiting on condition: \"cancelled by user\""
time="2025-08-06T14:44:55+02:00" level=error msg="While waiting on condition: \"cancelled by user\""
time="2025-08-06T14:45:12+02:00" level=warning msg="StopSignal SIGTERM failed to stop container tunnel-api-3YaqmGkDvfnuTyPZ627yREYvaEM6Euj2Qcr51KLsw4Cv in 10 seconds, resorting to SIGKILL"
time="2025-08-06T14:45:15+02:00" level=error msg="While waiting on condition: \"cancelled by user\""
time="2025-08-06T14:45:15+02:00" level=error msg="While waiting on condition: \"cancelled by user\""
time="2025-08-06T14:46:06+02:00" level=error msg="failed to move the rootless netns slirp4netns process to the systemd user.slice: dial unix /run/user/1000/bus: connect: no such file or directory"
time="2025-08-06T14:46:39+02:00" level=error msg="While waiting on condition: \"cancelled by user\""
time="2025-08-06T14:46:43+02:00" level=error msg="While waiting on condition: \"cancelled by user\""
time="2025-08-06T14:46:56+02:00" level=warning msg="StopSignal SIGTERM failed to stop container tunnel-api-3YaqmGkDvfnuTyPZ627yREYvaEM6Euj2Qcr51KLsw4Cv in 10 seconds, resorting to SIGKILL"
time="2025-08-06T14:47:02+02:00" level=error msg="While waiting on condition: \"cancelled by user\""
time="2025-08-06T14:47:02+02:00" level=error msg="While waiting on condition: \"cancelled by user\""
time="2025-08-06T14:47:44+02:00" level=error msg="failed to move the rootless netns slirp4netns process to the systemd user.slice: dial unix /run/user/1000/bus: connect: no such file or directory"
time="2025-08-06T14:48:14+02:00" level=error msg="While waiting on condition: \"cancelled by user\""
time="2025-08-06T14:48:17+02:00" level=error msg="While waiting on condition: \"cancelled by user\""
time="2025-08-06T14:48:30+02:00" level=warning msg="StopSignal SIGTERM failed to stop container tunnel-api-3YaqmGkDvfnuTyPZ627yREYvaEM6Euj2Qcr51KLsw4Cv in 10 seconds, resorting to SIGKILL"
time="2025-08-06T14:48:32+02:00" level=error msg="While waiting on condition: \"cancelled by user\""
time="2025-08-06T14:48:32+02:00" level=error msg="While waiting on condition: \"cancelled by user\""
time="2025-08-06T14:50:52+02:00" level=error msg="failed to move the rootless netns slirp4netns process to the systemd user.slice: dial unix /run/user/1000/bus: connect: no such file or directory"
time="2025-08-06T14:51:24+02:00" level=error msg="While waiting on condition: \"cancelled by user\""
time="2025-08-06T14:51:34+02:00" level=error msg="While waiting on condition: \"cancelled by user\""
time="2025-08-06T14:53:45+02:00" level=warning msg="StopSignal SIGTERM failed to stop container tunnel-api-3YaqmGkDvfnuTyPZ627yREYvaEM6Euj2Qcr51KLsw4Cv in 10 seconds, resorting to SIGKILL"
time="2025-08-06T14:53:47+02:00" level=error msg="While waiting on condition: \"cancelled by user\""
time="2025-08-06T14:53:47+02:00" level=error msg="While waiting on condition: \"cancelled by user\""
time="2025-08-06T14:54:00+02:00" level=error msg="failed to move the rootless netns slirp4netns process to the systemd user.slice: dial unix /run/user/1000/bus: connect: no such file or directory"
time="2025-08-06T14:54:31+02:00" level=error msg="While waiting on condition: \"cancelled by user\""
time="2025-08-06T14:54:41+02:00" level=error msg="While waiting on condition: \"cancelled by user\""
time="2025-08-06T14:58:45+02:00" level=warning msg="StopSignal SIGTERM failed to stop container tunnel-api-3YaqmGkDvfnuTyPZ627yREYvaEM6Euj2Qcr51KLsw4Cv in 10 seconds, resorting to SIGKILL"
time="2025-08-06T14:58:49+02:00" level=error msg="While waiting on condition: \"cancelled by user\""
time="2025-08-06T14:58:49+02:00" level=error msg="While waiting on condition: \"cancelled by user\""
time="2025-08-06T14:59:06+02:00" level=error msg="failed to move the rootless netns slirp4netns process to the systemd user.slice: dial unix /run/user/1000/bus: connect: no such file or directory"
time="2025-08-06T14:59:33+02:00" level=error msg="While waiting on condition: \"cancelled by user\""
time="2025-08-06T14:59:37+02:00" level=error msg="While waiting on condition: \"cancelled by user\""
time="2025-08-06T15:01:48+02:00" level=warning msg="StopSignal SIGTERM failed to stop container tunnel-api-3YaqmGkDvfnuTyPZ627yREYvaEM6Euj2Qcr51KLsw4Cv in 10 seconds, resorting to SIGKILL"
time="2025-08-06T15:01:50+02:00" level=error msg="While waiting on condition: \"cancelled by user\""
time="2025-08-06T15:01:50+02:00" level=error msg="While waiting on condition: \"cancelled by user\""
time="2025-08-06T15:02:23+02:00" level=error msg="failed to move the rootless netns slirp4netns process to the systemd user.slice: dial unix /run/user/1000/bus: connect: no such file or directory"
time="2025-08-06T15:02:38+02:00" level=warning msg="StopSignal SIGTERM failed to stop container tunnel-api-3YaqmGkDvfnuTyPZ627yREYvaEM6Euj2Qcr51KLsw4Cv in 10 seconds, resorting to SIGKILL"
time="2025-08-06T15:05:23+02:00" level=error msg="failed to move the rootless netns slirp4netns process to the systemd user.slice: dial unix /run/user/1000/bus: connect: no such file or directory"
time="2025-08-06T15:05:50+02:00" level=error msg="While waiting on condition: \"cancelled by user\""
time="2025-08-06T15:05:59+02:00" level=error msg="While waiting on condition: \"cancelled by user\""
time="2025-08-06T15:11:08+02:00" level=warning msg="StopSignal SIGTERM failed to stop container tunnel-api-3YaqmGkDvfnuTyPZ627yREYvaEM6Euj2Qcr51KLsw4Cv in 10 seconds, resorting to SIGKILL"
time="2025-08-06T15:11:10+02:00" level=error msg="While waiting on condition: \"cancelled by user\""
time="2025-08-06T15:11:10+02:00" level=error msg="While waiting on condition: \"cancelled by user\""
time="2025-08-06T15:11:31+02:00" level=error msg="failed to move the rootless netns slirp4netns process to the systemd user.slice: dial unix /run/user/1000/bus: connect: no such file or directory"
time="2025-08-06T15:12:19+02:00" level=error msg="While waiting on condition: \"cancelled by user\""
time="2025-08-06T15:12:23+02:00" level=error msg="While waiting on condition: \"cancelled by user\""
time="2025-08-06T15:16:21+02:00" level=warning msg="StopSignal SIGTERM failed to stop container tunnel-api-3YaqmGkDvfnuTyPZ627yREYvaEM6Euj2Qcr51KLsw4Cv in 10 seconds, resorting to SIGKILL"
time="2025-08-06T15:16:26+02:00" level=error msg="While waiting on condition: \"cancelled by user\""
time="2025-08-06T15:16:26+02:00" level=error msg="While waiting on condition: \"cancelled by user\""
time="2025-08-06T15:16:57+02:00" level=error msg="failed to move the rootless netns slirp4netns process to the systemd user.slice: dial unix /run/user/1000/bus: connect: no such file or directory"
time="2025-08-06T15:17:57+02:00" level=error msg="While waiting on condition: \"cancelled by user\""
time="2025-08-06T15:18:02+02:00" level=error msg="While waiting on condition: \"cancelled by user\""
time="2025-08-06T15:18:54+02:00" level=warning msg="StopSignal SIGTERM failed to stop container tunnel-api-3YaqmGkDvfnuTyPZ627yREYvaEM6Euj2Qcr51KLsw4Cv in 10 seconds, resorting to SIGKILL"
time="2025-08-06T15:18:56+02:00" level=error msg="While waiting on condition: \"cancelled by user\""
time="2025-08-06T15:18:56+02:00" level=error msg="While waiting on condition: \"cancelled by user\""
time="2025-08-06T15:19:16+02:00" level=error msg="failed to move the rootless netns slirp4netns process to the systemd user.slice: dial unix /run/user/1000/bus: connect: no such file or directory"
time="2025-08-06T15:19:40+02:00" level=error msg="While waiting on condition: \"cancelled by user\""
time="2025-08-06T15:19:45+02:00" level=error msg="While waiting on condition: \"cancelled by user\""
time="2025-08-06T15:20:20+02:00" level=error msg="While waiting on condition: \"cancelled by user\""
time="2025-08-06T15:23:12+02:00" level=warning msg="StopSignal SIGTERM failed to stop container tunnel-api-3YaqmGkDvfnuTyPZ627yREYvaEM6Euj2Qcr51KLsw4Cv in 10 seconds, resorting to SIGKILL"
time="2025-08-06T15:23:14+02:00" level=error msg="While waiting on condition: \"cancelled by user\""
time="2025-08-06T15:23:14+02:00" level=error msg="While waiting on condition: \"cancelled by user\""
time="2025-08-06T15:23:52+02:00" level=error msg="failed to move the rootless netns slirp4netns process to the systemd user.slice: dial unix /run/user/1000/bus: connect: no such file or directory"
time="2025-08-06T15:24:21+02:00" level=error msg="While waiting on condition: \"cancelled by user\""
time="2025-08-06T15:24:25+02:00" level=error msg="While waiting on condition: \"cancelled by user\""
time="2025-08-06T15:24:28+02:00" level=error msg="While waiting on condition: \"cancelled by user\""
time="2025-08-06T15:24:32+02:00" level=error msg="While waiting on condition: \"cancelled by user\""
time="2025-08-06T15:28:57+02:00" level=warning msg="StopSignal SIGTERM failed to stop container tunnel-api-3YaqmGkDvfnuTyPZ627yREYvaEM6Euj2Qcr51KLsw4Cv in 10 seconds, resorting to SIGKILL"
time="2025-08-06T15:29:00+02:00" level=error msg="While waiting on condition: \"cancelled by user\""
time="2025-08-06T15:29:00+02:00" level=error msg="While waiting on condition: \"cancelled by user\""
time="2025-08-06T15:30:14+02:00" level=error msg="failed to move the rootless netns slirp4netns process to the systemd user.slice: dial unix /run/user/1000/bus: connect: no such file or directory"
time="2025-08-06T15:31:54+02:00" level=warning msg="StopSignal SIGTERM failed to stop container tunnel-api-3YaqmGkDvfnuTyPZ627yREYvaEM6Euj2Qcr51KLsw4Cv in 10 seconds, resorting to SIGKILL"
time="2025-08-06T15:31:56+02:00" level=error msg="While waiting on condition: \"cancelled by user\""
time="2025-08-06T15:31:56+02:00" level=error msg="While waiting on condition: \"cancelled by user\""
time="2025-08-06T15:32:37+02:00" level=error msg="failed to move the rootless netns slirp4netns process to the systemd user.slice: dial unix /run/user/1000/bus: connect: no such file or directory"
time="2025-08-06T15:33:37+02:00" level=error msg="While waiting on condition: \"cancelled by user\""
time="2025-08-06T15:33:41+02:00" level=error msg="While waiting on condition: \"cancelled by user\""
time="2025-08-06T15:34:26+02:00" level=warning msg="StopSignal SIGTERM failed to stop container tunnel-api-3YaqmGkDvfnuTyPZ627yREYvaEM6Euj2Qcr51KLsw4Cv in 10 seconds, resorting to SIGKILL"
time="2025-08-06T15:34:28+02:00" level=error msg="While waiting on condition: \"cancelled by user\""
time="2025-08-06T15:34:28+02:00" level=error msg="While waiting on condition: \"cancelled by user\""
time="2025-08-06T15:34:47+02:00" level=error msg="failed to move the rootless netns slirp4netns process to the systemd user.slice: dial unix /run/user/1000/bus: connect: no such file or directory"
time="2025-08-06T15:35:13+02:00" level=error msg="While waiting on condition: \"cancelled by user\""
time="2025-08-06T15:35:19+02:00" level=error msg="While waiting on condition: \"cancelled by user\""
time="2025-08-06T15:38:07+02:00" level=warning msg="StopSignal SIGTERM failed to stop container tunnel-api-3YaqmGkDvfnuTyPZ627yREYvaEM6Euj2Qcr51KLsw4Cv in 10 seconds, resorting to SIGKILL"
time="2025-08-06T15:38:10+02:00" level=error msg="While waiting on condition: \"cancelled by user\""
time="2025-08-06T15:38:10+02:00" level=error msg="While waiting on condition: \"cancelled by user\""
time="2025-08-06T15:38:57+02:00" level=error msg="failed to move the rootless netns slirp4netns process to the systemd user.slice: dial unix /run/user/1000/bus: connect: no such file or directory"
time="2025-08-06T15:39:20+02:00" level=error msg="While waiting on condition: \"cancelled by user\""
time="2025-08-06T15:39:29+02:00" level=error msg="While waiting on condition: \"cancelled by user\""
time="2025-08-06T15:41:31+02:00" level=warning msg="StopSignal SIGTERM failed to stop container tunnel-api-3YaqmGkDvfnuTyPZ627yREYvaEM6Euj2Qcr51KLsw4Cv in 10 seconds, resorting to SIGKILL"
time="2025-08-06T15:41:33+02:00" level=error msg="While waiting on condition: \"cancelled by user\""
time="2025-08-06T15:41:33+02:00" level=error msg="While waiting on condition: \"cancelled by user\""
time="2025-08-06T15:41:54+02:00" level=error msg="failed to move the rootless netns slirp4netns process to the systemd user.slice: dial unix /run/user/1000/bus: connect: no such file or directory"
time="2025-08-06T15:42:09+02:00" level=warning msg="StopSignal SIGTERM failed to stop container tunnel-api-3YaqmGkDvfnuTyPZ627yREYvaEM6Euj2Qcr51KLsw4Cv in 10 seconds, resorting to SIGKILL"
time="2025-08-06T15:50:31+02:00" level=error msg="failed to move the rootless netns slirp4netns process to the systemd user.slice: dial unix /run/user/1000/bus: connect: no such file or directory"
time="2025-08-06T15:51:03+02:00" level=error msg="While waiting on condition: \"cancelled by user\""
time="2025-08-06T15:51:07+02:00" level=error msg="While waiting on condition: \"cancelled by user\""
time="2025-08-06T15:55:34+02:00" level=warning msg="StopSignal SIGTERM failed to stop container tunnel-api-3YaqmGkDvfnuTyPZ627yREYvaEM6Euj2Qcr51KLsw4Cv in 10 seconds, resorting to SIGKILL"
time="2025-08-06T15:55:37+02:00" level=error msg="While waiting on condition: \"cancelled by user\""
time="2025-08-06T15:55:37+02:00" level=error msg="While waiting on condition: \"cancelled by user\""
time="2025-08-06T15:56:25+02:00" level=warning msg="StopSignal SIGTERM failed to stop container tunnel-api-3YaqmGkDvfnuTyPZ627yREYvaEM6Euj2Qcr51KLsw4Cv in 10 seconds, resorting to SIGKILL"
time="2025-08-06T15:56:25+02:00" level=error msg="failed to move the rootless netns slirp4netns process to the systemd user.slice: dial unix /run/user/1000/bus: connect: no such file or directory"
time="2025-08-06T15:56:57+02:00" level=error msg="While waiting on condition: \"cancelled by user\""
time="2025-08-06T15:57:02+02:00" level=error msg="While waiting on condition: \"cancelled by user\""
time="2025-08-06T16:00:41+02:00" level=warning msg="StopSignal SIGTERM failed to stop container tunnel-api-3YaqmGkDvfnuTyPZ627yREYvaEM6Euj2Qcr51KLsw4Cv in 10 seconds, resorting to SIGKILL"
time="2025-08-06T16:00:44+02:00" level=error msg="While waiting on condition: \"cancelled by user\""
time="2025-08-06T16:00:44+02:00" level=error msg="While waiting on condition: \"cancelled by user\""
time="2025-08-06T16:01:46+02:00" level=error msg="failed to move the rootless netns slirp4netns process to the systemd user.slice: dial unix /run/user/1000/bus: connect: no such file or directory"
time="2025-08-06T16:02:26+02:00" level=error msg="While waiting on condition: \"cancelled by user\""
time="2025-08-06T16:02:48+02:00" level=error msg="While waiting on condition: \"cancelled by user\""
time="2025-08-06T16:05:04+02:00" level=warning msg="StopSignal SIGTERM failed to stop container tunnel-api-3YaqmGkDvfnuTyPZ627yREYvaEM6Euj2Qcr51KLsw4Cv in 10 seconds, resorting to SIGKILL"
time="2025-08-06T16:05:11+02:00" level=error msg="While waiting on condition: \"cancelled by user\""
time="2025-08-06T16:05:11+02:00" level=error msg="While waiting on condition: \"cancelled by user\""
time="2025-08-06T16:05:42+02:00" level=error msg="failed to move the rootless netns slirp4netns process to the systemd user.slice: dial unix /run/user/1000/bus: connect: no such file or directory"
time="2025-08-06T16:06:28+02:00" level=error msg="While waiting on condition: \"cancelled by user\""
time="2025-08-06T16:06:33+02:00" level=error msg="While waiting on condition: \"cancelled by user\""
time="2025-08-06T16:07:24+02:00" level=warning msg="StopSignal SIGTERM failed to stop container tunnel-api-3YaqmGkDvfnuTyPZ627yREYvaEM6Euj2Qcr51KLsw4Cv in 10 seconds, resorting to SIGKILL"
time="2025-08-06T16:07:26+02:00" level=error msg="While waiting on condition: \"cancelled by user\""
time="2025-08-06T16:07:26+02:00" level=error msg="While waiting on condition: \"cancelled by user\""
time="2025-08-06T23:25:38+02:00" level=error msg="failed to move the rootless netns slirp4netns process to the systemd user.slice: dial unix /run/user/1000/bus: connect: no such file or directory"
time="2025-08-06T23:27:11+02:00" level=warning msg="StopSignal SIGTERM failed to stop container tunnel-api-3YaqmGkDvfnuTyPZ627yREYvaEM6Euj2Qcr51KLsw4Cv in 10 seconds, resorting to SIGKILL"
time="2025-08-06T23:27:13+02:00" level=error msg="While waiting on condition: \"cancelled by user\""
time="2025-08-06T23:27:14+02:00" level=error msg="While waiting on condition: \"cancelled by user\""
time="2025-08-06T23:27:42+02:00" level=error msg="failed to move the rootless netns slirp4netns process to the systemd user.slice: dial unix /run/user/1000/bus: connect: no such file or directory"
time="2025-08-06T23:28:38+02:00" level=error msg="While waiting on condition: \"cancelled by user\""
time="2025-08-06T23:38:14+02:00" level=error msg="While waiting on condition: \"cancelled by user\""
time="2025-08-06T23:38:14+02:00" level=error msg="While waiting on condition: \"cancelled by user\""
time="2025-08-06T23:58:08+02:00" level=warning msg="StopSignal SIGTERM failed to stop container tunnel-api-3YaqmGkDvfnuTyPZ627yREYvaEM6Euj2Qcr51KLsw4Cv in 10 seconds, resorting to SIGKILL"
time="2025-08-06T23:58:09+02:00" level=error msg="failed to move the rootless netns slirp4netns process to the systemd user.slice: dial unix /run/user/1000/bus: connect: no such file or directory"
time="2025-08-06T23:58:11+02:00" level=error msg="While waiting on condition: \"cancelled by user\""
time="2025-08-06T23:58:26+02:00" level=error msg="failed to move the rootless netns slirp4netns process to the systemd user.slice: dial unix /run/user/1000/bus: connect: no such file or directory"
time="2025-08-07T00:00:11+02:00" level=error msg="While waiting on condition: \"cancelled by user\""
time="2025-08-07T00:01:10+02:00" level=warning msg="StopSignal SIGTERM failed to stop container tunnel-api-3YaqmGkDvfnuTyPZ627yREYvaEM6Euj2Qcr51KLsw4Cv in 10 seconds, resorting to SIGKILL"
time="2025-08-07T00:01:12+02:00" level=error msg="While waiting on condition: \"cancelled by user\""
time="2025-08-07T00:01:12+02:00" level=error msg="While waiting on condition: \"cancelled by user\""
time="2025-08-07T00:03:45+02:00" level=error msg="failed to move the rootless netns slirp4netns process to the systemd user.slice: dial unix /run/user/1000/bus: connect: no such file or directory"
time="2025-08-07T00:04:33+02:00" level=error msg="While waiting on condition: \"cancelled by user\""
time="2025-08-07T00:06:57+02:00" level=warning msg="StopSignal SIGTERM failed to stop container tunnel-api-3YaqmGkDvfnuTyPZ627yREYvaEM6Euj2Qcr51KLsw4Cv in 10 seconds, resorting to SIGKILL"
time="2025-08-07T00:06:59+02:00" level=error msg="While waiting on condition: \"cancelled by user\""
time="2025-08-07T00:06:59+02:00" level=error msg="While waiting on condition: \"cancelled by user\""
time="2025-08-07T00:07:20+02:00" level=error msg="failed to move the rootless netns slirp4netns process to the systemd user.slice: dial unix /run/user/1000/bus: connect: no such file or directory"
time="2025-08-07T00:07:49+02:00" level=error msg="While waiting on condition: \"cancelled by user\""
time="2025-08-07T00:07:54+02:00" level=error msg="While waiting on condition: \"cancelled by user\""
time="2025-08-07T00:07:58+02:00" level=error msg="While waiting on condition: \"cancelled by user\""
time="2025-08-07T00:14:19+02:00" level=error msg="While waiting on condition: \"cancelled by user\""
time="2025-08-07T00:14:20+02:00" level=error msg="While waiting on condition: \"cancelled by user\""
time="2025-08-07T00:17:52+02:00" level=error msg="While waiting on condition: \"cancelled by user\""
time="2025-08-07T00:17:52+02:00" level=error msg="While waiting on condition: \"cancelled by user\""
time="2025-08-07T00:20:06+02:00" level=warning msg="StopSignal SIGTERM failed to stop container tunnel-api-3YaqmGkDvfnuTyPZ627yREYvaEM6Euj2Qcr51KLsw4Cv in 10 seconds, resorting to SIGKILL"
time="2025-08-07T02:16:43+02:00" level=error msg="failed to move the rootless netns slirp4netns process to the systemd user.slice: dial unix /run/user/1000/bus: connect: no such file or directory"
time="2025-08-07T02:16:52+02:00" level=error msg="While waiting on condition: \"cancelled by user\""
time="2025-08-07T02:17:40+02:00" level=error msg="failed to move the rootless netns slirp4netns process to the systemd user.slice: dial unix /run/user/1000/bus: connect: no such file or directory"
time="2025-08-07T02:18:29+02:00" level=error msg="While waiting on condition: \"cancelled by user\""
time="2025-08-07T02:18:29+02:00" level=error msg="While waiting on condition: \"cancelled by user\""
Trying to pull docker.io/library/ubuntu:latest...
Getting image source signatures
Copying blob sha256:32f112e3802cadcab3543160f4d2aa607b3cc1c62140d57b4f5441384f40e927
Copying config sha256:65ae7a6f3544bd2d2b6d19b13bfc64752d776bc92c510f874188bfd404d205a3
Writing manifest to image destination
time="2025-08-07T02:19:06+02:00" level=error msg="failed to move the rootless netns slirp4netns process to the systemd user.slice: dial unix /run/user/1000/bus: connect: no such file or directory"
time="2025-08-07T02:20:53+02:00" level=error msg="failed to move the rootless netns slirp4netns process to the systemd user.slice: dial unix /run/user/1000/bus: connect: no such file or directory"
time="2025-08-07T02:35:58+02:00" level=error msg="failed to move the rootless netns slirp4netns process to the systemd user.slice: dial unix /run/user/1000/bus: connect: no such file or directory"
time="2025-08-07T02:36:33+02:00" level=warning msg="StopSignal SIGTERM failed to stop container tunnel-api-3YaqmGkDvfnuTyPZ627yREYvaEM6Euj2Qcr51KLsw4Cv in 10 seconds, resorting to SIGKILL"
time="2025-08-07T02:36:50+02:00" level=error msg="failed to move the rootless netns slirp4netns process to the systemd user.slice: dial unix /run/user/1000/bus: connect: no such file or directory"
time="2025-08-07T02:38:29+02:00" level=warning msg="StopSignal SIGTERM failed to stop container tunnel-api-3YaqmGkDvfnuTyPZ627yREYvaEM6Euj2Qcr51KLsw4Cv in 10 seconds, resorting to SIGKILL"
time="2025-08-07T02:38:32+02:00" level=error msg="While waiting on condition: \"cancelled by user\""
time="2025-08-07T02:38:32+02:00" level=error msg="While waiting on condition: \"cancelled by user\""
time="2025-08-07T02:38:52+02:00" level=error msg="failed to move the rootless netns slirp4netns process to the systemd user.slice: dial unix /run/user/1000/bus: connect: no such file or directory"
time="2025-08-07T02:45:17+02:00" level=warning msg="StopSignal SIGTERM failed to stop container tunnel-api-3YaqmGkDvfnuTyPZ627yREYvaEM6Euj2Qcr51KLsw4Cv in 10 seconds, resorting to SIGKILL"
time="2025-08-07T02:45:20+02:00" level=error msg="While waiting on condition: \"cancelled by user\""
time="2025-08-07T02:45:20+02:00" level=error msg="While waiting on condition: \"cancelled by user\""
time="2025-08-07T02:47:47+02:00" level=error msg="failed to move the rootless netns slirp4netns process to the systemd user.slice: dial unix /run/user/1000/bus: connect: no such file or directory"
time="2025-08-07T02:49:28+02:00" level=error msg="While waiting on condition: \"cancelled by user\""
time="2025-08-07T02:49:55+02:00" level=error msg="While waiting on condition: \"cancelled by user\""
time="2025-08-07T02:49:56+02:00" level=error msg="While waiting on condition: \"cancelled by user\""
time="2025-08-07T02:50:27+02:00" level=error msg="While waiting on condition: \"cancelled by user\""
time="2025-08-07T02:51:10+02:00" level=error msg="While waiting on condition: \"cancelled by user\""
time="2025-08-07T02:55:08+02:00" level=warning msg="StopSignal SIGTERM failed to stop container tunnel-api-3YaqmGkDvfnuTyPZ627yREYvaEM6Euj2Qcr51KLsw4Cv in 10 seconds, resorting to SIGKILL"
time="2025-08-07T02:55:10+02:00" level=error msg="While waiting on condition: \"cancelled by user\""
time="2025-08-07T02:55:29+02:00" level=error msg="failed to move the rootless netns slirp4netns process to the systemd user.slice: dial unix /run/user/1000/bus: connect: no such file or directory"
time="2025-08-07T02:56:20+02:00" level=error msg="While waiting on condition: \"cancelled by user\""
time="2025-08-07T02:59:42+02:00" level=warning msg="StopSignal SIGTERM failed to stop container tunnel-api-3YaqmGkDvfnuTyPZ627yREYvaEM6Euj2Qcr51KLsw4Cv in 10 seconds, resorting to SIGKILL"
time="2025-08-07T02:59:44+02:00" level=error msg="While waiting on condition: \"cancelled by user\""
time="2025-08-07T03:00:04+02:00" level=error msg="failed to move the rootless netns slirp4netns process to the systemd user.slice: dial unix /run/user/1000/bus: connect: no such file or directory"
time="2025-08-07T03:00:39+02:00" level=error msg="While waiting on condition: \"cancelled by user\""
time="2025-08-07T03:02:36+02:00" level=error msg="While waiting on condition: \"cancelled by user\""
time="2025-08-07T03:02:37+02:00" level=error msg="While waiting on condition: \"cancelled by user\""
time="2025-08-07T03:04:31+02:00" level=error msg="While waiting on condition: \"cancelled by user\""
time="2025-08-07T03:05:57+02:00" level=warning msg="StopSignal SIGTERM failed to stop container tunnel-api-3YaqmGkDvfnuTyPZ627yREYvaEM6Euj2Qcr51KLsw4Cv in 10 seconds, resorting to SIGKILL"
time="2025-08-07T03:06:10+02:00" level=error msg="failed to move the rootless netns slirp4netns process to the systemd user.slice: dial unix /run/user/1000/bus: connect: no such file or directory"
time="2025-08-07T03:08:59+02:00" level=warning msg="StopSignal SIGTERM failed to stop container tunnel-api-3YaqmGkDvfnuTyPZ627yREYvaEM6Euj2Qcr51KLsw4Cv in 10 seconds, resorting to SIGKILL"
time="2025-08-07T03:09:09+02:00" level=error msg="failed to move the rootless netns slirp4netns process to the systemd user.slice: dial unix /run/user/1000/bus: connect: no such file or directory"
time="2025-08-07T03:09:55+02:00" level=error msg="While waiting on condition: \"cancelled by user\""
time="2025-08-07T03:10:07+02:00" level=error msg="failed to move the rootless netns slirp4netns process to the systemd user.slice: dial unix /run/user/1000/bus: connect: no such file or directory"
time="2025-08-07T03:10:33+02:00" level=error msg="While waiting on condition: \"cancelled by user\""
time="2025-08-07T03:10:42+02:00" level=error msg="failed to move the rootless netns slirp4netns process to the systemd user.slice: dial unix /run/user/1000/bus: connect: no such file or directory"
time="2025-08-07T03:12:09+02:00" level=error msg="While waiting on condition: \"cancelled by user\""
time="2025-08-07T03:12:18+02:00" level=error msg="failed to move the rootless netns slirp4netns process to the systemd user.slice: dial unix /run/user/1000/bus: connect: no such file or directory"
time="2025-08-07T03:13:40+02:00" level=error msg="While waiting on condition: \"cancelled by user\""
time="2025-08-07T03:13:48+02:00" level=error msg="failed to move the rootless netns slirp4netns process to the systemd user.slice: dial unix /run/user/1000/bus: connect: no such file or directory"
time="2025-08-07T03:14:13+02:00" level=error msg="While waiting on condition: \"cancelled by user\""
time="2025-08-07T03:14:23+02:00" level=error msg="failed to move the rootless netns slirp4netns process to the systemd user.slice: dial unix /run/user/1000/bus: connect: no such file or directory"
time="2025-08-07T03:14:52+02:00" level=error msg="While waiting on condition: \"cancelled by user\""
time="2025-08-07T03:15:20+02:00" level=error msg="failed to move the rootless netns slirp4netns process to the systemd user.slice: dial unix /run/user/1000/bus: connect: no such file or directory"
time="2025-08-07T03:15:51+02:00" level=error msg="While waiting on condition: \"cancelled by user\""
time="2025-08-07T03:15:59+02:00" level=error msg="failed to move the rootless netns slirp4netns process to the systemd user.slice: dial unix /run/user/1000/bus: connect: no such file or directory"
time="2025-08-07T03:16:08+02:00" level=error msg="While waiting on condition: \"cancelled by user\""
time="2025-08-07T03:16:25+02:00" level=error msg="failed to move the rootless netns slirp4netns process to the systemd user.slice: dial unix /run/user/1000/bus: connect: no such file or directory"
time="2025-08-07T03:16:50+02:00" level=error msg="While waiting on condition: \"cancelled by user\""
time="2025-08-07T03:16:59+02:00" level=error msg="failed to move the rootless netns slirp4netns process to the systemd user.slice: dial unix /run/user/1000/bus: connect: no such file or directory"
time="2025-08-07T03:18:51+02:00" level=error msg="While waiting on condition: \"cancelled by user\""
time="2025-08-07T03:18:59+02:00" level=error msg="failed to move the rootless netns slirp4netns process to the systemd user.slice: dial unix /run/user/1000/bus: connect: no such file or directory"
